2025-08-09 13:44:38,980 - INFO - === Starting Robust News Analysis Pipeline ===
2025-08-09 13:44:38,996 - INFO - Directory ensured: data\raw
2025-08-09 13:44:38,996 - INFO - Directory ensured: data\processed
2025-08-09 13:44:38,996 - INFO - Directory ensured: models
2025-08-09 13:44:38,996 - INFO - Directory ensured: visuals
2025-08-09 13:44:39,000 - INFO - Memory usage at startup: 436.76 MB
2025-08-09 13:44:39,000 - INFO - === Starting Data Loading ===
2025-08-09 13:44:40,700 - INFO - Connection 1 loading: DataFrame shape: (899, 19)
2025-08-09 13:44:40,700 - INFO - Connection 1 loading: Columns: ['Article_ID', 'Headline', 'Body_Text', 'Summary', 'Publication_Date', 'Source_Name', 'Source_Country', 'Political_Leaning', 'Factual_Rating', 'Topic', 'Subtopic', 'Event_ID', 'Framing_Keywords', 'Sentiment', 'Perspective_Summary', 'Popularity_Score', 'Paywall', 'Author', 'Language']
2025-08-09 13:44:40,714 - INFO - Connection 1 loading: DataFrame memory usage: 1.85 MB
2025-08-09 13:44:40,714 - INFO - Connection 2 loading: DataFrame shape: (2216, 19)
2025-08-09 13:44:40,718 - INFO - Connection 2 loading: Columns: ['Article_ID', 'Headline', 'Body_Text', 'Summary', 'Publication_Date', 'Source_Name', 'Source_Country', 'Political_Leaning', 'Factual_Rating', 'Topic', 'Subtopic', 'Event_ID', 'Framing_Keywords', 'Sentiment', 'Perspective_Summary', 'Popularity_Score', 'Paywall', 'Author', 'Language']
2025-08-09 13:44:40,734 - INFO - Connection 2 loading: DataFrame memory usage: 2.97 MB
2025-08-09 13:44:41,181 - INFO - Combined dataset: DataFrame shape: (3115, 19)
2025-08-09 13:44:41,181 - INFO - Combined dataset: Columns: ['Article_ID', 'Headline', 'Body_Text', 'Summary', 'Publication_Date', 'Source_Name', 'Source_Country', 'Political_Leaning', 'Factual_Rating', 'Topic', 'Subtopic', 'Event_ID', 'Framing_Keywords', 'Sentiment', 'Perspective_Summary', 'Popularity_Score', 'Paywall', 'Author', 'Language']
2025-08-09 13:44:41,251 - INFO - Combined dataset: DataFrame memory usage: 4.84 MB
2025-08-09 13:44:41,251 - INFO - Memory usage after data loading: 429.72 MB
2025-08-09 13:44:41,251 - INFO - === Starting Data Cleaning ===
2025-08-09 13:44:42,685 - INFO - Cleaned data: DataFrame shape: (3067, 19)
2025-08-09 13:44:42,687 - INFO - Cleaned data: Columns: ['article_id', 'headline', 'body_text', 'summary', 'publication_date', 'source_name', 'source_country', 'political_leaning', 'factual_rating', 'topic', 'subtopic', 'event_id', 'framing_keywords', 'sentiment', 'perspective_summary', 'popularity_score', 'paywall', 'author', 'language']
2025-08-09 13:44:42,735 - INFO - Cleaned data: DataFrame memory usage: 4.65 MB
2025-08-09 13:44:42,883 - INFO - Cleaned data saved to data\processed\cleaned_main_combined.csv
2025-08-09 13:44:43,613 - INFO - Memory usage after data cleaning: 426.39 MB
2025-08-09 13:44:43,613 - INFO - === Running Multilingual Text Preprocessing ===
2025-08-09 13:44:45,232 - INFO - Processed data: DataFrame shape: (3067, 24)
2025-08-09 13:44:45,232 - INFO - Processed data: Columns: ['article_id', 'headline', 'body_text', 'summary', 'publication_date', 'source_name', 'source_country', 'political_leaning', 'factual_rating', 'topic', 'subtopic', 'event_id', 'framing_keywords', 'sentiment', 'perspective_summary', 'popularity_score', 'paywall', 'author', 'language', 'detected_language', 'headline_clean', 'body_text_clean', 'headline_word_count', 'body_text_word_count']
2025-08-09 13:44:45,306 - INFO - Processed data: DataFrame memory usage: 6.21 MB
2025-08-09 13:44:45,675 - INFO - Processed data saved to data\processed\processed_main_combined.csv
2025-08-09 13:44:46,248 - INFO - Memory usage after text preprocessing: 419.69 MB
2025-08-09 13:44:46,257 - INFO - === Running Exploratory Data Analysis (EDA) ===
2025-08-09 13:46:40,587 - INFO - EDA completed successfully
2025-08-09 13:46:40,621 - INFO - Memory usage after EDA: 147.16 MB
2025-08-09 13:46:40,623 - INFO - === Running Baseline Political Leaning Classification ===
2025-08-09 13:46:43,444 - INFO - Model saved to models\political_classifier.pkl
2025-08-09 13:46:43,444 - INFO - Memory usage after baseline classification: 184.62 MB
2025-08-09 13:46:43,446 - INFO - === Starting Safe Topic Clustering and Spectrum Analysis ===
2025-08-09 13:46:43,446 - INFO - === Starting Safe Topic Clustering ===
2025-08-09 13:46:43,446 - INFO - Step 1: Preparing combined text column...
2025-08-09 13:46:43,474 - INFO - Empty combined texts: 0/3067
2025-08-09 13:46:43,479 - INFO - Using 3067 valid text entries
2025-08-09 13:46:43,480 - INFO - Memory usage before topic clustering: 186.88 MB
2025-08-09 13:46:43,481 - INFO - Sampling 1533 documents from 3067 for memory efficiency
2025-08-09 13:46:43,485 - INFO - Step 3: Testing NewsSpectrumAnalyzer import...
2025-08-09 13:46:43,485 - INFO - Attempting to import src.topic_clustering with 45s timeout...
2025-08-09 13:47:46,878 - ERROR - Import process failed: Can't get local object 'safe_import_module.<locals>.import_worker'
2025-08-09 13:47:49,163 - WARNING - NewsSpectrumAnalyzer import failed or timed out
2025-08-09 13:47:49,166 - INFO - Running basic topic analysis as fallback...
2025-08-09 13:47:49,356 - INFO - Top 20 Topics:
2025-08-09 13:47:49,356 - INFO -   Technology: 370
2025-08-09 13:47:49,356 - INFO -   Environment: 365
2025-08-09 13:47:49,356 - INFO -   Health: 323
2025-08-09 13:47:49,356 - INFO -   Business: 254
2025-08-09 13:47:49,356 - INFO -   Politics: 161
2025-08-09 13:47:49,356 - INFO -   Education: 121
2025-08-09 13:47:49,364 - INFO -   Economy: 96
2025-08-09 13:47:49,364 - INFO -   Science: 88
2025-08-09 13:47:49,364 - INFO -   Society: 77
2025-08-09 13:47:49,364 - INFO -   Energy: 74
2025-08-09 13:47:49,364 - INFO -   Sports: 70
2025-08-09 13:47:49,366 - INFO -   Economics: 70
2025-08-09 13:47:49,366 - INFO -   Agriculture: 60
2025-08-09 13:47:49,366 - INFO -   International Relations: 53
2025-08-09 13:47:49,366 - INFO -   Law: 49
2025-08-09 13:47:49,366 - INFO -   Transportation: 41
2025-08-09 13:47:49,366 - INFO -   Security: 41
2025-08-09 13:47:49,366 - INFO -   Climate Change: 33
2025-08-09 13:47:49,368 - INFO -   Space Policy: 31
2025-08-09 13:47:49,368 - INFO -   Cybersecurity: 31
2025-08-09 13:47:49,376 - INFO - Political Leaning Distribution:
2025-08-09 13:47:49,378 - INFO -   Center: 1780
2025-08-09 13:47:49,379 - INFO -   Left: 606
2025-08-09 13:47:49,380 - INFO -   Right: 539
2025-08-09 13:47:49,380 - INFO -   Center-Left: 83
2025-08-09 13:47:49,380 - INFO -   Center-Right: 50
2025-08-09 13:47:49,381 - INFO -   Mixed: 8
2025-08-09 13:47:49,381 - INFO -   Political_Leaning: 1
2025-08-09 13:47:49,990 - INFO - Basic analysis saved to data\processed\basic_analysis.csv
2025-08-09 13:47:49,990 - INFO - === BASIC ANALYSIS SUMMARY ===
2025-08-09 13:47:49,990 - INFO - Total articles: 3067
2025-08-09 13:47:49,990 - INFO - Unique topics: 168
2025-08-09 13:47:49,990 - INFO - Unique sources: 2263
2025-08-09 13:47:49,990 - INFO - Languages: {'English': 2997, 'French': 15, 'Chinese': 11, 'Hindi': 6, 'Portuguese': 6, 'Russian': 5, 'Japanese': 5, 'Spanish': 4, 'German': 4, 'Italian': 4, 'Greek': 2, 'Hebrew': 1, 'Swedish': 1, 'Chinese Traditional': 1, 'Korean': 1, 'Arabic': 1, 'Language': 1}
2025-08-09 13:47:50,002 - INFO - Average sentiment: -0.02
2025-08-09 13:47:50,012 - INFO - Topic clustering completed successfully: (3067, 28)
2025-08-09 13:47:50,014 - INFO - Memory usage after topic clustering pipeline: 46.49 MB
2025-08-09 13:47:50,014 - INFO - === Pipeline Completed Successfully ===
2025-08-09 13:47:50,014 - INFO - Memory usage at completion: 46.52 MB
2025-08-09 13:47:50,014 - INFO - === PIPELINE SUMMARY ===
2025-08-09 13:47:50,014 - INFO - Final processed data shape: (3067, 28)
2025-08-09 13:47:50,014 - INFO - Final memory usage: 46.52 MB
2025-08-09 13:47:50,014 - INFO - All major components completed successfully
2025-08-09 13:47:50,014 - INFO - Pipeline execution finished successfully
2025-08-09 13:48:02,014 - INFO - Final cleanup completed
